[Properties]
x- => --*
a-color => --accent-color
a-appearance => --appearance
a-h => --aspect-h
a-w => --aspect-w
b-blur => --backdrop-blur
b-brightness => --backdrop-brightness
b-contrast => --backdrop-contrast
b-filter => --backdrop-filter
b-grayscale => --backdrop-grayscale
b-rotate => --backdrop-hue-rotate
b-invert => --backdrop-invert
b-opacity => --backdrop-opacity
b-saturate => --backdrop-saturate
b-sepia => --backdrop-sepia
b-mode => --background-blend-mode
b-opacity => --background-opacity
b-opacity => --bg-opacity
b-blur => --blur
b-color => --border-bottom-color
b-collapse => --border-collapse
b-color => --border-color
b-color => --border-left-color
b-opacity => --border-opacity
b-color => --border-right-color
b-x => --border-spacing-x
b-y => --border-spacing-y
b-color => --border-top-color
b-bottom => --bottom
b-shadow => --box-shadow
b-accent => --brand-accent
b-hue => --brand-hue
b-after => --break-after
b-before => --break-before
b-inside => --break-inside
b-brightness => --brightness
c-side => --caption-side
c-color => --caret-color
c-clear => --clear
c-path => --clip-path
c-left => --container-padding-left
c-right => --container-padding-right
c-content => --content
c-contrast => --contrast
c-cursor => --cursor
d-opacity => --divide-opacity
d-shadow => --drop-shadow
d-opacity => --dynamic-opacity
e-f => --easing-fn
f-opacity => --fill-opacity
f-filter => --filter
f-flex => --flex
f-basis => --flex-basis
f-grow => --flex-grow
f-shrink => --flex-shrink
f-float => --float
f-colors => --forced-colors
g-from => --gradient-from
g-color => --gradient-from-color
g-position => --gradient-from-position
g-to => --gradient-to
g-color => --gradient-to-color
g-position => --gradient-to-position
g-via => --gradient-via
g-colors => --gradient-via-colors
g-position => --gradient-via-position
g-grayscale => --grayscale
g-column => --grid-column
g-row => --grid-row
h-rotate => --hue-rotate
h-hyphens => --hyphens
i-inset => --inset
i-block => --inset-block
i-inline => --inset-inline
i-invert => --invert
i-isolation => --isolation
l-left => --left
l-clamp => --line-clamp
l-image => --list-style-image
l-position => --list-style-position
m-clip => --mask-clip
m-composite => --mask-composite
m-image => --mask-image
m-mode => --mask-mode
m-origin => --mask-origin
m-position => --mask-position
m-repeat => --mask-repeat
m-size => --mask-size
m-mode => --mix-blend-mode
n-fi => --numeric-figures
n-fr => --numeric-fraction
n-sp => --numeric-spacing
o-fit => --object-fit
o-position => --object-position
o-order => --order
o-ordinal => --ordinal
o-color => --outline-color
o-offset => --outline-offset
o-overflow => --overflow
o-x => --overflow-x
o-y => --overflow-y
o-overscroll => --overscroll
p-x => --pan-x
p-y => --pan-y
p-perspective => --perspective
p-zoom => --pinch-zoom
p-content => --place-content
p-items => --place-items
p-self => --place-self
p-opacity => --placeholder-opacity
p-events => --pointer-events
p-position => --position
r-resize => --resize
r-right => --right
r-color => --ring-color
r-inset => --ring-inset
r-color => --ring-offset-color
r-shadow => --ring-offset-shadow
r-width => --ring-offset-width
r-opacity => --ring-opacity
r-shadow => --ring-shadow
r-rotate => --rotate
s-saturate => --saturate
s-scale => --scale
s-x => --scale-x
s-y => --scale-y
s-behavior => --scroll-behavior
s-margin => --scroll-margin
s-block => --scroll-margin-block
s-bottom => --scroll-margin-bottom
s-inline => --scroll-margin-inline
s-left => --scroll-margin-left
s-right => --scroll-margin-right
s-top => --scroll-margin-top
s-padding => --scroll-padding
s-block => --scroll-padding-block
s-bottom => --scroll-padding-bottom
s-inline => --scroll-padding-inline
s-left => --scroll-padding-left
s-right => --scroll-padding-right
s-top => --scroll-padding-top
s-align => --scroll-snap-align
s-stop => --scroll-snap-stop
s-strictness => --scroll-snap-strictness
s-type => --scroll-snap-type
s-sepia => --sepia
s-shadow => --shadow
s-color => --shadow-color
s-colored => --shadow-colored
s-x => --skew-x
s-y => --skew-y
s-zero => --slashed-zero
s-scale => --spacing-scale
s-opacity => --stroke-opacity
t-layout => --table-layout
t-color => --text-decoration-color
t-ink => --text-decoration-skip-ink
t-thickness => --text-decoration-thickness
t-opacity => --text-opacity
t-orientation => --text-orientation
t-shadow => --text-shadow
t-xs => --text-shadow-2xs
t-lg => --text-shadow-lg
t-md => --text-shadow-md
t-sm => --text-shadow-sm
t-xs => --text-shadow-xs
t-wrap => --text-wrap
t-top => --top
t-action => --touch-action
t-delay => --transition-delay
t-duration => --transition-duration
t-property => --transition-property
t-function => --transition-timing-function
t-x => --translate-x
t-y => --translate-y
u-offset => --underline-offset
u-bidi => --unicode-bidi
u-select => --user-select
v-align => --vertical-align
v-visibility => --visibility
w-change => --will-change
w-mode => --writing-mode
z-index => --z-index
m-appearance => -moz-appearance
  none => none
  button => button
  buttonarrowdown => button-arrow-down
  buttonarrownext => button-arrow-next
  buttonarrowprevious => button-arrow-previous
  buttonarrowup => button-arrow-up
  buttonbevel => button-bevel
  buttonfocus => button-focus
  caret => caret
  checkbox => checkbox
  checkboxcontainer => checkbox-container
  checkboxlabel => checkbox-label
  checkmenuitem => checkmenuitem
  dualbutton => dualbutton
  groupbox => groupbox
  listbox => listbox
  listitem => listitem
  menuarrow => menuarrow
  menubar => menubar
  menucheckbox => menucheckbox
  menuimage => menuimage
  menuitem => menuitem
  menuitemtext => menuitemtext
  menulist => menulist
  menulistbutton => menulist-button
  menulisttext => menulist-text
  menulisttextfield => menulist-textfield
  menupopup => menupopup
  menuradio => menuradio
  menuseparator => menuseparator
  meterbar => meterbar
  meterchunk => meterchunk
  progressbar => progressbar
  progressbarvertical => progressbar-vertical
  progresschunk => progresschunk
  progresschunkvertical => progresschunk-vertical
  radio => radio
  radiocontainer => radio-container
  radiolabel => radio-label
  radiomenuitem => radiomenuitem
  range => range
  rangethumb => range-thumb
  resizer => resizer
  resizerpanel => resizerpanel
  scalehorizontal => scale-horizontal
  scalethumbend => scalethumbend
  scalethumbhorizontal => scalethumb-horizontal
  scalethumbstart => scalethumbstart
  scalethumbtick => scalethumbtick
  scalethumbvertical => scalethumb-vertical
  scalevertical => scale-vertical
  scrollbarbuttondown => scrollbarbutton-down
  scrollbarbuttonleft => scrollbarbutton-left
  scrollbarbuttonright => scrollbarbutton-right
  scrollbarbuttonup => scrollbarbutton-up
  scrollbarthumbhorizontal => scrollbarthumb-horizontal
  scrollbarthumbvertical => scrollbarthumb-vertical
  scrollbartrackhorizontal => scrollbartrack-horizontal
  scrollbartrackvertical => scrollbartrack-vertical
  searchfield => searchfield
  separator => separator
  sheet => sheet
  spinner => spinner
  spinnerdownbutton => spinner-downbutton
  spinnertextfield => spinner-textfield
  spinnerupbutton => spinner-upbutton
  splitter => splitter
  statusbar => statusbar
  statusbarpanel => statusbarpanel
  tab => tab
  tabpanel => tabpanel
  tabpanels => tabpanels
  tabscrollarrowback => tab-scroll-arrow-back
  tabscrollarrowforward => tab-scroll-arrow-forward
  textfield => textfield
  textfieldmultiline => textfield-multiline
  toolbar => toolbar
  toolbarbutton => toolbarbutton
  toolbarbuttondropdown => toolbarbutton-dropdown
  toolbargripper => toolbargripper
  toolbox => toolbox
  tooltip => tooltip
  treeheader => treeheader
  treeheadercell => treeheadercell
  treeheadersortarrow => treeheadersortarrow
  treeitem => treeitem
  treeline => treeline
  treetwisty => treetwisty
  treetwistyopen => treetwistyopen
  treeview => treeview
  mozmacunifiedtoolbar => -moz-mac-unified-toolbar
  mozwinborderlessglass => -moz-win-borderless-glass
  mozwinbrowsertabbartoolbox => -moz-win-browsertabbar-toolbox
  mozwincommunicationstext => -moz-win-communicationstext
  mozwincommunicationstoolbox => -moz-win-communications-toolbox
  mozwinexcludeglass => -moz-win-exclude-glass
  mozwinglass => -moz-win-glass
  mozwinmediatext => -moz-win-mediatext
  mozwinmediatoolbox => -moz-win-media-toolbox
  mozwindowbuttonbox => -moz-window-button-box
  mozwindowbuttonboxmaximized => -moz-window-button-box-maximized
  mozwindowbuttonclose => -moz-window-button-close
  mozwindowbuttonmaximize => -moz-window-button-maximize
  mozwindowbuttonminimize => -moz-window-button-minimize
  mozwindowbuttonrestore => -moz-window-button-restore
  mozwindowframebottom => -moz-window-frame-bottom
  mozwindowframeleft => -moz-window-frame-left
  mozwindowframeright => -moz-window-frame-right
  mozwindowtitlebar => -moz-window-titlebar
  mozwindowtitlebarmaximized => -moz-window-titlebar-maximized
m-binding => -moz-binding
  n => none
m-colors => -moz-border-bottom-colors
  n => none
m-colors => -moz-border-left-colors
  n => none
m-colors => -moz-border-right-colors
  n => none
m-colors => -moz-border-top-colors
  n => none
m-properties => -moz-context-properties
  none => none
  fill => fill
  fillopa => fill-opacity
  stroke => stroke
  strokeo => stroke-opacity
m-edge => -moz-float-edge
  b => border-box
  c => content-box
  m => margin-box
  p => padding-box
m-icon => -moz-force-broken-image-icon
m-orient => -moz-orient
  i => inline
  b => block
  h => horizontal
  v => vertical
m-radius => -moz-outline-radius
m-bottomleft => -moz-outline-radius-bottomleft
m-bottomrigh => -moz-outline-radius-bottomright
m-topleft => -moz-outline-radius-topleft
m-topright => -moz-outline-radius-topright
m-sizing => -moz-stack-sizing
  i => ignore
  s => stretch-to-fit
m-blink => -moz-text-blink
  n => none
  b => blink
m-focus => -moz-user-focus
  ignore => ignore
  normal => normal
  selectaf => select-after
  selectbe => select-before
  selectme => select-menu
  selectsa => select-same
  selectal => select-all
  none => none
m-input => -moz-user-input
  a => auto
  n => none
  e => enabled
  d => disabled
m-modify => -moz-user-modify
  reado => read-only
  readw => read-write
  write => write-only
m-dragging => -moz-window-dragging
  d => drag
  n => no-drag
m-shadow => -moz-window-shadow
  d => default
  m => menu
  t => tooltip
  s => sheet
  n => none
m-accelerato => -ms-accelerator
  f => false
  t => true
m-progressio => -ms-block-progression
  t => tb
  r => rl
  b => bt
  l => lr
m-chaining => -ms-content-zoom-chaining
  n => none
  c => chained
m-limit => -ms-content-zoom-limit
m-max => -ms-content-zoom-limit-max
m-min => -ms-content-zoom-limit-min
m-snap => -ms-content-zoom-snap
m-points => -ms-content-zoom-snap-points
  snapi => snapinterval
  snapl => snaplist
m-type => -ms-content-zoom-snap-type
  n => none
  p => proximity
  m => mandatory
m-zooming => -ms-content-zooming
  n => none
  z => zoom
m-filter => -ms-filter
m-from => -ms-flow-from
  n => none
m-into => -ms-flow-into
  n => none
m-columns => -ms-grid-columns
  n => none
m-rows => -ms-grid-rows
  n => none
m-adjust => -ms-high-contrast-adjust
  a => auto
  n => none
m-chars => -ms-hyphenate-limit-chars
  a => auto
m-lines => -ms-hyphenate-limit-lines
  n => no-limit
m-zone => -ms-hyphenate-limit-zone
m-align => -ms-ime-align
  au => auto
  af => after
m-style => -ms-overflow-style
  a => auto
  n => none
  s => scrollbar
  m => -ms-autohiding-scrollbar
m-chaining => -ms-scroll-chaining
  c => chained
  n => none
m-limit => -ms-scroll-limit
m-max => -ms-scroll-limit-x-max
  a => auto
m-min => -ms-scroll-limit-x-min
m-max => -ms-scroll-limit-y-max
  a => auto
m-min => -ms-scroll-limit-y-min
m-rails => -ms-scroll-rails
  n => none
  r => railed
m-x => -ms-scroll-snap-points-x
  snapi => snapinterval
  snapl => snaplist
m-y => -ms-scroll-snap-points-y
  snapi => snapinterval
  snapl => snaplist
m-type => -ms-scroll-snap-type
  n => none
  p => proximity
  m => mandatory
m-x => -ms-scroll-snap-x
m-y => -ms-scroll-snap-y
m-translatio => -ms-scroll-translation
  n => none
  v => vertical-to-horizontal
m-color => -ms-scrollbar-3dlight-color
m-color => -ms-scrollbar-arrow-color
m-color => -ms-scrollbar-base-color
m-color => -ms-scrollbar-darkshadow-color
m-color => -ms-scrollbar-face-color
m-color => -ms-scrollbar-highlight-color
m-color => -ms-scrollbar-shadow-color
m-color => -ms-scrollbar-track-color
m-autospace => -ms-text-autospace
  none => none
  ideographa => ideograph-alpha
  ideographn => ideograph-numeric
  ideographp => ideograph-parenthesis
  ideographs => ideograph-space
m-select => -ms-touch-select
  g => grippers
  n => none
m-select => -ms-user-select
  n => none
  e => element
  t => text
m-flow => -ms-wrap-flow
  a => auto
  b => both
  s => start
  e => end
  m => maximum
  c => clear
m-margin => -ms-wrap-margin
m-through => -ms-wrap-through
  w => wrap
  n => none
w-appearance => -webkit-appearance
  none => none
  button => button
  buttonbevel => button-bevel
  caret => caret
  checkbox => checkbox
  defaultbutton => default-button
  innerspinbutton => inner-spin-button
  listbox => listbox
  listitem => listitem
  mediacontrolsbackground => media-controls-background
  mediacontrolsfullscreenbackground => media-controls-fullscreen-background
  mediacurrenttimedisplay => media-current-time-display
  mediaenterfullscreenbutton => media-enter-fullscreen-button
  mediaexitfullscreenbutton => media-exit-fullscreen-button
  mediafullscreenbutton => media-fullscreen-button
  mediamutebutton => media-mute-button
  mediaoverlayplaybutton => media-overlay-play-button
  mediaplaybutton => media-play-button
  mediaseekbackbutton => media-seek-back-button
  mediaseekforwardbutton => media-seek-forward-button
  mediaslider => media-slider
  mediasliderthumb => media-sliderthumb
  mediatimeremainingdisplay => media-time-remaining-display
  mediatoggleclosedcaptionsbutton => media-toggle-closed-captions-button
  mediavolumeslider => media-volume-slider
  mediavolumeslidercontainer => media-volume-slider-container
  mediavolumesliderthumb => media-volume-sliderthumb
  menulist => menulist
  menulistbutton => menulist-button
  menulisttext => menulist-text
  menulisttextfield => menulist-textfield
  meter => meter
  progressbar => progress-bar
  progressbarvalue => progress-bar-value
  pushbutton => push-button
  radio => radio
  searchfield => searchfield
  searchfieldcancelbutton => searchfield-cancel-button
  searchfielddecoration => searchfield-decoration
  searchfieldresultsbutton => searchfield-results-button
  searchfieldresultsdecoration => searchfield-results-decoration
  sliderhorizontal => slider-horizontal
  slidervertical => slider-vertical
  sliderthumbhorizontal => sliderthumb-horizontal
  sliderthumbvertical => sliderthumb-vertical
  squarebutton => square-button
  textarea => textarea
  textfield => textfield
  applepaybutton => -apple-pay-button
w-before => -webkit-border-before
w-color => -webkit-border-before-color
w-style => -webkit-border-before-style
w-width => -webkit-border-before-width
w-reflect => -webkit-box-reflect
  a => above
  b => below
  r => right
  l => left
w-clamp => -webkit-line-clamp
  n => none
w-mask => -webkit-mask
  b => border
  p => padding
  c => content
  t => text
w-attachment => -webkit-mask-attachment
w-clip => -webkit-mask-clip
  n => no-clip
  b => border
  p => padding
  c => content
  t => text
w-composite => -webkit-mask-composite
w-image => -webkit-mask-image
w-origin => -webkit-mask-origin
  b => border
  p => padding
  c => content
w-position => -webkit-mask-position
w-x => -webkit-mask-position-x
  l => left
  c => center
  r => right
w-y => -webkit-mask-position-y
  t => top
  c => center
  b => bottom
w-repeat => -webkit-mask-repeat
w-x => -webkit-mask-repeat-x
  re => repeat
  no => no-repeat
  sp => space
  ro => round
w-y => -webkit-mask-repeat-y
  re => repeat
  no => no-repeat
  sp => space
  ro => round
w-size => -webkit-mask-size
w-scrolling => -webkit-overflow-scrolling
  a => auto
  t => touch
w-color => -webkit-tap-highlight-color
w-color => -webkit-text-fill-color
w-stroke => -webkit-text-stroke
w-color => -webkit-text-stroke-color
w-width => -webkit-text-stroke-width
w-callout => -webkit-touch-callout
  d => default
  n => none
w-modify => -webkit-user-modify
  readonly => read-only
  readwrite => read-write
  readwritep => read-write-plaintext-only
w-select => -webkit-user-select
  au => auto
  te => text
  no => none
  al => all
a-color => accent-color
  a => auto
a-content => align-content
  n => normal
a-items => align-items
  n => normal
  s => stretch
  a => anchor-center
a-self => align-self
  au => auto
  no => normal
  st => stretch
  an => anchor-center
a-tracks => align-tracks
  n => normal
a-baseline => alignment-baseline
  basel => baseline
  alpha => alphabetic
  ideog => ideographic
  middl => middle
  centr => central
  mathe => mathematical
  textb => text-before-edge
  texta => text-after-edge
a-all => all
  initial => initial
  inherit => inherit
  unset => unset
  revert => revert
  revertl => revert-layer
a-name => anchor-name
  n => none
a-scope => anchor-scope
  n => none
  a => all
a-animation => animation
a-compositio => animation-composition
a-delay => animation-delay
a-direction => animation-direction
a-duration => animation-duration
  a => auto
a-mode => animation-fill-mode
a-count => animation-iteration-count
a-name => animation-name
  n => none
a-state => animation-play-state
a-range => animation-range
a-end => animation-range-end
  n => normal
a-start => animation-range-start
  n => normal
a-timeline => animation-timeline
a-function => animation-timing-function
a-appearance => appearance
  n => none
  a => auto
a-ratio => aspect-ratio
  a => auto
b-filter => backdrop-filter
  n => none
b-visibility => backface-visibility
  v => visible
  h => hidden
b-background => background
b-attachment => background-attachment
b-mode => background-blend-mode
b-clip => background-clip
b-color => background-color
b-image => background-image
b-origin => background-origin
b-position => background-position
b-x => background-position-x
  ce => center
  le => left
  ri => right
  xs => x-start
  xe => x-end
b-y => background-position-y
  ce => center
  to => top
  bo => bottom
  ys => y-start
  ye => y-end
b-repeat => background-repeat
b-size => background-size
b-shift => baseline-shift
  sub => sub
  sup => super
  bas => baseline
b-size => block-size
b-border => border
b-block => border-block
b-color => border-block-color
b-end => border-block-end
b-color => border-block-end-color
b-style => border-block-end-style
b-width => border-block-end-width
b-start => border-block-start
b-color => border-block-start-color
b-style => border-block-start-style
b-width => border-block-start-width
b-style => border-block-style
b-width => border-block-width
b-bottom => border-bottom
b-color => border-bottom-color
b-radius => border-bottom-left-radius
b-radius => border-bottom-right-radius
b-style => border-bottom-style
b-width => border-bottom-width
b-collapse => border-collapse
  s => separate
  c => collapse
b-color => border-color
b-radius => border-end-end-radius
b-radius => border-end-start-radius
b-image => border-image
b-outset => border-image-outset
b-repeat => border-image-repeat
  st => stretch
  re => repeat
  ro => round
  sp => space
b-slice => border-image-slice
  f => fill
b-source => border-image-source
  n => none
b-width => border-image-width
  a => auto
b-inline => border-inline
b-color => border-inline-color
b-end => border-inline-end
b-color => border-inline-end-color
b-style => border-inline-end-style
b-width => border-inline-end-width
b-start => border-inline-start
b-color => border-inline-start-color
b-style => border-inline-start-style
b-width => border-inline-start-width
b-style => border-inline-style
b-width => border-inline-width
b-left => border-left
b-color => border-left-color
b-style => border-left-style
b-width => border-left-width
b-radius => border-radius
b-right => border-right
b-color => border-right-color
b-style => border-right-style
b-width => border-right-width
b-spacing => border-spacing
b-radius => border-start-end-radius
b-radius => border-start-start-radius
b-style => border-style
b-top => border-top
b-color => border-top-color
b-radius => border-top-left-radius
b-radius => border-top-right-radius
b-style => border-top-style
b-width => border-top-width
b-width => border-width
b-bottom => bottom
  a => auto
b-align => box-align
  sta => start
  cen => center
  end => end
  bas => baseline
  str => stretch
b-break => box-decoration-break
  s => slice
  c => clone
b-direction => box-direction
  n => normal
  r => reverse
  i => inherit
b-flex => box-flex
b-group => box-flex-group
b-lines => box-lines
  s => single
  m => multiple
b-group => box-ordinal-group
b-orient => box-orient
  hor => horizontal
  ver => vertical
  inl => inline-axis
  blo => block-axis
  inh => inherit
b-pack => box-pack
  s => start
  c => center
  e => end
  j => justify
b-shadow => box-shadow
  n => none
b-sizing => box-sizing
  c => content-box
  b => border-box
b-after => break-after
  auto => auto
  avoid => avoid
  always => always
  all => all
  avoidp => avoid-page
  page => page
  left => left
  right => right
  recto => recto
  verso => verso
  avoidc => avoid-column
  column => column
  avoidr => avoid-region
  region => region
b-before => break-before
  auto => auto
  avoid => avoid
  always => always
  all => all
  avoidp => avoid-page
  page => page
  left => left
  right => right
  recto => recto
  verso => verso
  avoidc => avoid-column
  column => column
  avoidr => avoid-region
  region => region
b-inside => break-inside
  auto => auto
  avoid => avoid
  avoidp => avoid-page
  avoidc => avoid-column
  avoidr => avoid-region
c-side => caption-side
  t => top
  b => bottom
c-caret => caret
c-color => caret-color
  a => auto
c-shape => caret-shape
  au => auto
  ba => bar
  bl => block
  un => underscore
c-clear => clear
  none => none
  left => left
  right => right
  both => both
  inlines => inline-start
  inlinee => inline-end
c-clip => clip
  a => auto
c-path => clip-path
  n => none
c-rule => clip-rule
  n => nonzero
  e => evenodd
c-color => color
c-filters => color-interpolation-filters
  a => auto
  s => srgb
  l => linearrgb
c-scheme => color-scheme
  n => normal
  l => light
  d => dark
  o => only
c-count => column-count
  a => auto
c-fill => column-fill
  a => auto
  b => balance
c-gap => column-gap
  n => normal
c-rule => column-rule
c-color => column-rule-color
c-style => column-rule-style
c-width => column-rule-width
c-span => column-span
  n => none
  a => all
c-width => column-width
  a => auto
c-columns => columns
c-contain => contain
  non => none
  str => strict
  con => content
  siz => size
  inl => inline-size
  lay => layout
  sty => style
  pai => paint
c-size => contain-intrinsic-block-size
  a => auto
  n => none
c-height => contain-intrinsic-height
  a => auto
  n => none
c-size => contain-intrinsic-inline-size
  a => auto
  n => none
c-size => contain-intrinsic-size
  a => auto
  n => none
c-width => contain-intrinsic-width
  a => auto
  n => none
c-container => container
c-name => container-name
  n => none
c-type => container-type
  no => normal
  si => size
  in => inline-size
  sc => scroll-state
c-content => content
  nor => normal
  non => none
c-visibility => content-visibility
  v => visible
  a => auto
  h => hidden
c-increment => counter-increment
  n => none
c-reset => counter-reset
  n => none
c-set => counter-set
  n => none
c-cursor => cursor
  auto => auto
  defau => default
  none => none
  conte => context-menu
  help => help
  point => pointer
  progr => progress
  wait => wait
  cell => cell
  cross => crosshair
  text => text
  verti => vertical-text
  alias => alias
  copy => copy
  move => move
  nodro => no-drop
  notal => not-allowed
  eresi => e-resize
  nresi => n-resize
  neres => ne-resize
  nwres => nw-resize
  sresi => s-resize
  seres => se-resize
  swres => sw-resize
  wresi => w-resize
  ewres => ew-resize
  nsres => ns-resize
  neswr => nesw-resize
  nwser => nwse-resize
  colre => col-resize
  rowre => row-resize
  allsc => all-scroll
  zoomi => zoom-in
  zoomo => zoom-out
  grab => grab
  grabb => grabbing
c-cx => cx
c-cy => cy
d-d => d
  n => none
  p => path
d-direction => direction
  l => ltr
  r => rtl
d-display => display
d-baseline => dominant-baseline
  auto => auto
  textb => text-bottom
  alpha => alphabetic
  ideog => ideographic
  middl => middle
  centr => central
  mathe => mathematical
  hangi => hanging
  textt => text-top
e-c => empty-cells
  s => show
  h => hide
f-sizing => field-sizing
  c => content
  f => fixed
f-fill => fill
f-opacity => fill-opacity
f-rule => fill-rule
  n => nonzero
  e => evenodd
f-filter => filter
  n => none
f-flex => flex
  n => none
f-basis => flex-basis
  c => content
f-direction => flex-direction
  row => row
  rowreve => row-reverse
  column => column
  columnr => column-reverse
f-flow => flex-flow
f-grow => flex-grow
f-shrink => flex-shrink
f-wrap => flex-wrap
  nowra => nowrap
  wrap => wrap
  wrapr => wrap-reverse
f-float => float
  left => left
  right => right
  none => none
  inlines => inline-start
  inlinee => inline-end
f-color => flood-color
f-opacity => flood-opacity
f-font => font
f-family => font-family
f-settings => font-feature-settings
  n => normal
f-kerning => font-kerning
  aut => auto
  nor => normal
  non => none
f-override => font-language-override
  n => normal
f-sizing => font-optical-sizing
  a => auto
  n => none
f-palette => font-palette
  n => normal
  l => light
  d => dark
f-size => font-size
  m => math
f-adjust => font-size-adjust
  non => none
  exh => ex-height
  cap => cap-height
  chw => ch-width
  icw => ic-width
  ich => ic-height
  fro => from-font
f-smooth => font-smooth
  au => auto
  ne => never
  al => always
f-stretch => font-stretch
f-style => font-style
  n => normal
  i => italic
  o => oblique
f-synthesis => font-synthesis
  no => none
  we => weight
  st => style
  sm => small-caps
  po => position
f-position => font-synthesis-position
  a => auto
  n => none
f-caps => font-synthesis-small-caps
  a => auto
  n => none
f-style => font-synthesis-style
  a => auto
  n => none
f-weight => font-synthesis-weight
  a => auto
  n => none
f-variant => font-variant
  norma => normal
  none => none
  styli => stylistic
  histo => historical-forms
  style => styleset
  chara => character-variant
  swash => swash
  ornam => ornaments
  annot => annotation
  small => small-caps
  allsm => all-small-caps
  petit => petite-caps
  allpe => all-petite-caps
  unica => unicase
  titli => titling-caps
  ordin => ordinal
  slash => slashed-zero
  ruby => ruby
f-alternates => font-variant-alternates
  norma => normal
  styli => stylistic
  histo => historical-forms
  style => styleset
  chara => character-variant
  swash => swash
  ornam => ornaments
  annot => annotation
f-caps => font-variant-caps
  norm => normal
  smal => small-caps
  alls => all-small-caps
  peti => petite-caps
  allp => all-petite-caps
  unic => unicase
  titl => titling-caps
f-asian => font-variant-east-asian
  n => normal
  r => ruby
f-emoji => font-variant-emoji
  n => normal
  t => text
  e => emoji
  u => unicode
f-ligatures => font-variant-ligatures
  nor => normal
  non => none
f-numeric => font-variant-numeric
  n => normal
  o => ordinal
  s => slashed-zero
f-position => font-variant-position
  nor => normal
  sub => sub
  sup => super
f-settings => font-variation-settings
  n => normal
f-weight => font-weight
  b => bolder
  l => lighter
f-width => font-width
  normal => normal
  ultrac => ultra-condensed
  extrac => extra-condensed
  conden => condensed
  semico => semi-condensed
  semiex => semi-expanded
  expand => expanded
  extrae => extra-expanded
  ultrae => ultra-expanded
f-adjust => forced-color-adjust
  a => auto
  n => none
  p => preserve-parent-color
g-gap => gap
g-grid => grid
  a => auto-flow
  d => dense
g-area => grid-area
g-columns => grid-auto-columns
g-flow => grid-auto-flow
  r => row
  c => column
  d => dense
g-rows => grid-auto-rows
g-column => grid-column
g-end => grid-column-end
g-gap => grid-column-gap
g-start => grid-column-start
g-gap => grid-gap
g-row => grid-row
g-end => grid-row-end
g-gap => grid-row-gap
g-start => grid-row-start
g-template => grid-template
  n => none
g-areas => grid-template-areas
  n => none
g-columns => grid-template-columns
  n => none
  s => subgrid
g-rows => grid-template-rows
  n => none
  s => subgrid
h-punctuatio => hanging-punctuation
  no => none
  fi => first
  fo => force-end
  al => allow-end
  la => last
h-height => height
  au => auto
  mi => min-content
  ma => max-content
  fi => fit-content
h-character => hyphenate-character
  a => auto
h-chars => hyphenate-limit-chars
  a => auto
h-hyphens => hyphens
  n => none
  m => manual
  a => auto
i-orientatio => image-orientation
  fr => from-image
  fl => flip
i-rendering => image-rendering
  a => auto
  c => crisp-edges
  p => pixelated
  s => smooth
i-resolution => image-resolution
  f => from-image
  s => snap
i-mode => ime-mode
  au => auto
  no => normal
  ac => active
  in => inactive
  di => disabled
i-letter => initial-letter
  n => normal
i-align => initial-letter-align
  au => auto
  al => alphabetic
  ha => hanging
  id => ideographic
i-size => inline-size
i-inset => inset
i-block => inset-block
i-end => inset-block-end
i-start => inset-block-start
i-inline => inset-inline
i-end => inset-inline-end
i-start => inset-inline-start
i-size => interpolate-size
  n => numeric-only
  a => allow-keywords
i-isolation => isolation
  a => auto
  i => isolate
j-c => justify-content
  n => normal
  l => left
  r => right
j-i => justify-items
  nor => normal
  str => stretch
  lef => left
  rig => right
  leg => legacy
  cen => center
  anc => anchor-center
j-s => justify-self
  au => auto
  no => normal
  st => stretch
  le => left
  ri => right
  an => anchor-center
j-t => justify-tracks
  n => normal
  l => left
  r => right
l-left => left
  a => auto
l-spacing => letter-spacing
  n => normal
l-color => lighting-color
l-break => line-break
  au => auto
  lo => loose
  no => normal
  st => strict
  an => anywhere
l-clamp => line-clamp
  n => none
l-height => line-height
  n => normal
l-step => line-height-step
l-style => list-style
l-image => list-style-image
  n => none
l-position => list-style-position
  i => inside
  o => outside
l-type => list-style-type
  n => none
m-margin => margin
m-block => margin-block
m-end => margin-block-end
m-start => margin-block-start
m-bottom => margin-bottom
  a => auto
m-inline => margin-inline
m-end => margin-inline-end
m-start => margin-inline-start
m-left => margin-left
  a => auto
m-right => margin-right
  a => auto
m-top => margin-top
  a => auto
m-trim => margin-trim
  n => none
  i => in-flow
  a => all
m-marker => marker
  n => none
m-end => marker-end
  n => none
m-mid => marker-mid
  n => none
m-start => marker-start
  n => none
m-mask => mask
m-border => mask-border
m-mode => mask-border-mode
  l => luminance
  a => alpha
m-outset => mask-border-outset
m-repeat => mask-border-repeat
  st => stretch
  re => repeat
  ro => round
  sp => space
m-slice => mask-border-slice
  f => fill
m-source => mask-border-source
  n => none
m-width => mask-border-width
  a => auto
m-clip => mask-clip
  n => no-clip
m-composite => mask-composite
m-image => mask-image
m-mode => mask-mode
m-origin => mask-origin
m-position => mask-position
m-repeat => mask-repeat
m-size => mask-size
m-type => mask-type
  l => luminance
  a => alpha
m-flow => masonry-auto-flow
  p => pack
  n => next
  d => definite-first
  o => ordered
m-depth => math-depth
  au => auto-add
  ad => add
m-shift => math-shift
  n => normal
  c => compact
m-style => math-style
  n => normal
  c => compact
m-size => max-block-size
m-height => max-height
  no => none
  mi => min-content
  ma => max-content
  fi => fit-content
m-size => max-inline-size
m-lines => max-lines
  n => none
m-width => max-width
  no => none
  mi => min-content
  ma => max-content
  fi => fit-content
m-size => min-block-size
m-height => min-height
  au => auto
  mi => min-content
  ma => max-content
  fi => fit-content
m-size => min-inline-size
m-width => min-width
  au => auto
  mi => min-content
  ma => max-content
  fi => fit-content
m-mode => mix-blend-mode
  plusd => plus-darker
  plusl => plus-lighter
o-fit => object-fit
  fil => fill
  con => contain
  cov => cover
  non => none
  sca => scale-down
o-position => object-position
o-box => object-view-box
  n => none
o-offset => offset
o-anchor => offset-anchor
  a => auto
o-distance => offset-distance
o-path => offset-path
  n => none
o-position => offset-position
  n => normal
  a => auto
o-rotate => offset-rotate
  a => auto
  r => reverse
o-opacity => opacity
o-order => order
o-orphans => orphans
o-outline => outline
o-color => outline-color
  a => auto
o-offset => outline-offset
o-style => outline-style
  a => auto
o-width => outline-width
o-overflow => overflow
  v => visible
  h => hidden
  c => clip
  s => scroll
  a => auto
o-anchor => overflow-anchor
  a => auto
  n => none
o-block => overflow-block
  v => visible
  h => hidden
  c => clip
  s => scroll
  a => auto
o-box => overflow-clip-box
  p => padding-box
  c => content-box
o-margin => overflow-clip-margin
o-inline => overflow-inline
  v => visible
  h => hidden
  c => clip
  s => scroll
  a => auto
o-wrap => overflow-wrap
  n => normal
  b => break-word
  a => anywhere
o-x => overflow-x
  v => visible
  h => hidden
  c => clip
  s => scroll
  a => auto
o-y => overflow-y
  v => visible
  h => hidden
  c => clip
  s => scroll
  a => auto
o-overlay => overlay
  n => none
  a => auto
o-behavior => overscroll-behavior
  c => contain
  n => none
  a => auto
o-block => overscroll-behavior-block
  c => contain
  n => none
  a => auto
o-inline => overscroll-behavior-inline
  c => contain
  n => none
  a => auto
o-x => overscroll-behavior-x
  c => contain
  n => none
  a => auto
o-y => overscroll-behavior-y
  c => contain
  n => none
  a => auto
p-padding => padding
p-block => padding-block
p-end => padding-block-end
p-start => padding-block-start
p-bottom => padding-bottom
p-inline => padding-inline
p-end => padding-inline-end
p-start => padding-inline-start
p-left => padding-left
p-right => padding-right
p-top => padding-top
p-page => page
  a => auto
p-after => page-break-after
  au => auto
  al => always
  av => avoid
  le => left
  ri => right
  re => recto
  ve => verso
p-before => page-break-before
  au => auto
  al => always
  av => avoid
  le => left
  ri => right
  re => recto
  ve => verso
p-inside => page-break-inside
  au => auto
  av => avoid
p-order => paint-order
  n => normal
  f => fill
  s => stroke
  m => markers
p-perspective => perspective
  n => none
p-origin => perspective-origin
p-content => place-content
p-items => place-items
p-self => place-self
p-events => pointer-events
  auto => auto
  none => none
  visiblep => visiblepainted
  visiblef => visiblefill
  visibles => visiblestroke
  visible => visible
  painted => painted
  fill => fill
  stroke => stroke
  all => all
  inherit => inherit
p-position => position
  sta => static
  rel => relative
  abs => absolute
  sti => sticky
  fix => fixed
p-anchor => position-anchor
  a => auto
p-area => position-area
  n => none
p-try => position-try
p-fallbacks => position-try-fallbacks
  n => none
p-order => position-try-order
  n => normal
p-visibility => position-visibility
  always => always
  anchorsva => anchors-valid
  anchorsvi => anchors-visible
  nooverflo => no-overflow
p-adjust => print-color-adjust
  ec => economy
  ex => exact
q => quotes
  n => none
  a => auto
r-r => r
r-resize => resize
  no => none
  bo => both
  ho => horizontal
  ve => vertical
  bl => block
  in => inline
r-right => right
  a => auto
r-rotate => rotate
  n => none
  x => x
  y => y
  z => z
r-gap => row-gap
  n => normal
r-align => ruby-align
  start => start
  center => center
  spaceb => space-between
  spacea => space-around
r-merge => ruby-merge
  s => separate
  c => collapse
  a => auto
r-overhang => ruby-overhang
  a => auto
  n => none
r-position => ruby-position
  a => alternate
  o => over
  u => under
  i => inter-character
r-rx => rx
r-ry => ry
s-scale => scale
  n => none
s-behavior => scroll-behavior
  a => auto
  s => smooth
s-target => scroll-initial-target
  no => none
  ne => nearest
s-margin => scroll-margin
s-block => scroll-margin-block
s-end => scroll-margin-block-end
s-start => scroll-margin-block-start
s-bottom => scroll-margin-bottom
s-inline => scroll-margin-inline
s-end => scroll-margin-inline-end
s-start => scroll-margin-inline-start
s-left => scroll-margin-left
s-right => scroll-margin-right
s-top => scroll-margin-top
s-padding => scroll-padding
  a => auto
s-block => scroll-padding-block
  a => auto
s-end => scroll-padding-block-end
  a => auto
s-start => scroll-padding-block-start
  a => auto
s-bottom => scroll-padding-bottom
  a => auto
s-inline => scroll-padding-inline
  a => auto
s-end => scroll-padding-inline-end
  a => auto
s-start => scroll-padding-inline-start
  a => auto
s-left => scroll-padding-left
  a => auto
s-right => scroll-padding-right
  a => auto
s-top => scroll-padding-top
  a => auto
s-align => scroll-snap-align
  n => none
  s => start
  e => end
  c => center
s-coordinate => scroll-snap-coordinate
  n => none
s-destinatio => scroll-snap-destination
s-x => scroll-snap-points-x
  n => none
  r => repeat
s-y => scroll-snap-points-y
  n => none
  r => repeat
s-stop => scroll-snap-stop
  n => normal
  a => always
s-type => scroll-snap-type
  no => none
  x => x
  y => y
  bl => block
  in => inline
  bo => both
  ma => mandatory
  pr => proximity
s-x => scroll-snap-type-x
  n => none
  m => mandatory
  p => proximity
s-y => scroll-snap-type-y
  n => none
  m => mandatory
  p => proximity
s-timeline => scroll-timeline
s-axis => scroll-timeline-axis
  b => block
  i => inline
  x => x
  y => y
s-name => scroll-timeline-name
  n => none
s-color => scrollbar-color
  a => auto
s-gutter => scrollbar-gutter
  a => auto
  s => stable
  b => both-edges
s-width => scrollbar-width
  a => auto
  t => thin
  n => none
s-threshold => shape-image-threshold
s-margin => shape-margin
s-outside => shape-outside
  n => none
s-rendering => shape-rendering
  a => auto
  o => optimizespeed
  c => crispedges
  g => geometricprecision
s-as => speak-as
  nor => normal
  spe => spell-out
  dig => digits
  lit => literal-punctuation
  nop => no-punctuation
s-color => stop-color
s-opacity => stop-opacity
s-stroke => stroke
s-color => stroke-color
s-dasharray => stroke-dasharray
  n => none
s-dashoffset => stroke-dashoffset
s-linecap => stroke-linecap
  b => butt
  r => round
  s => square
s-linejoin => stroke-linejoin
  miter => miter
  miterc => miter-clip
  round => round
  bevel => bevel
  arcs => arcs
s-miterlimit => stroke-miterlimit
s-opacity => stroke-opacity
s-width => stroke-width
t-size => tab-size
t-layout => table-layout
  a => auto
  f => fixed
t-align => text-align
  s => start
  e => end
  l => left
  r => right
  c => center
  j => justify
  m => match-parent
t-last => text-align-last
  a => auto
  s => start
  e => end
  l => left
  r => right
  c => center
  j => justify
t-anchor => text-anchor
  s => start
  m => middle
  e => end
t-autospace => text-autospace
  n => normal
  a => auto
t-box => text-box
  n => normal
t-edge => text-box-edge
  a => auto
t-trim => text-box-trim
  none => none
  trims => trim-start
  trime => trim-end
  trimb => trim-both
t-upright => text-combine-upright
  n => none
  a => all
  d => digits
t-decoration => text-decoration
t-color => text-decoration-color
t-line => text-decoration-line
  n => none
  u => underline
  o => overline
  l => line-through
  b => blink
  s => spelling-error
  g => grammar-error
t-skip => text-decoration-skip
  n => none
  o => objects
  s => spaces
  l => leading-spaces
  t => trailing-spaces
  e => edges
  b => box-decoration
t-ink => text-decoration-skip-ink
  au => auto
  al => all
  no => none
t-style => text-decoration-style
  sol => solid
  dou => double
  dot => dotted
  das => dashed
  wav => wavy
t-thickness => text-decoration-thickness
  a => auto
  f => from-font
t-emphasis => text-emphasis
t-color => text-emphasis-color
t-position => text-emphasis-position
  a => auto
  o => over
  u => under
  r => right
  l => left
t-style => text-emphasis-style
  non => none
  fil => filled
  ope => open
  dot => dot
  cir => circle
  dou => double-circle
  tri => triangle
  ses => sesame
t-indent => text-indent
  h => hanging
  e => each-line
t-justify => text-justify
  auto => auto
  interc => inter-character
  interw => inter-word
  none => none
t-orientation => text-orientation
  m => mixed
  u => upright
  s => sideways
t-overflow => text-overflow
  c => clip
  e => ellipsis
t-rendering => text-rendering
  auto => auto
  optimizes => optimizespeed
  optimizel => optimizelegibility
  geometric => geometricprecision
t-shadow => text-shadow
  n => none
t-adjust => text-size-adjust
  n => none
  a => auto
t-trim => text-spacing-trim
  spacea => space-all
  normal => normal
  spacef => space-first
  trimst => trim-start
t-transform => text-transform
  none => none
  capit => capitalize
  upper => uppercase
  lower => lowercase
  fullw => full-width
  fulls => full-size-kana
  matha => math-auto
t-offset => text-underline-offset
  a => auto
t-position => text-underline-position
  a => auto
  f => from-font
  u => under
  l => left
  r => right
t-wrap => text-wrap
t-mode => text-wrap-mode
  w => wrap
  n => nowrap
t-style => text-wrap-style
  a => auto
  b => balance
  s => stable
  p => pretty
t-scope => timeline-scope
  n => none
t-top => top
  a => auto
t-action => touch-action
  auto => auto
  none => none
  panx => pan-x
  panl => pan-left
  panr => pan-right
  pany => pan-y
  panu => pan-up
  pand => pan-down
  pinc => pinch-zoom
  mani => manipulation
t-transform => transform
  n => none
t-box => transform-box
  c => content-box
  b => border-box
  f => fill-box
  s => stroke-box
  v => view-box
t-origin => transform-origin
  l => left
  c => center
  r => right
  t => top
  b => bottom
t-style => transform-style
  f => flat
  p => preserve-
  d => d
t-transition => transition
t-behavior => transition-behavior
t-delay => transition-delay
t-duration => transition-duration
t-property => transition-property
  n => none
t-function => transition-timing-function
t-translate => translate
  n => none
u-bidi => unicode-bidi
  normal => normal
  embed => embed
  isolate => isolate
  bidiover => bidi-override
  isolateo => isolate-override
  plaintex => plaintext
u-select => user-select
  au => auto
  te => text
  no => none
  al => all
v-effect => vector-effect
  none => none
  nonscalingstroke => non-scaling-stroke
  nonscalingsize => non-scaling-size
  nonrotation => non-rotation
  fixedposition => fixed-position
v-align => vertical-align
  basel => baseline
  sub => sub
  super => super
  textt => text-top
  textb => text-bottom
  middl => middle
  top => top
  botto => bottom
v-timeline => view-timeline
v-axis => view-timeline-axis
  b => block
  i => inline
  x => x
  y => y
v-inset => view-timeline-inset
  a => auto
v-name => view-timeline-name
  n => none
v-class => view-transition-class
  n => none
v-name => view-transition-name
  n => none
  m => match-element
v-visibility => visibility
  v => visible
  h => hidden
  c => collapse
w-space => white-space
  norm => normal
  pre => pre
  prew => pre-wrap
  prel => pre-line
w-collapse => white-space-collapse
  collapse => collapse
  preserve => preserve
  preserveb => preserve-breaks
  preserves => preserve-spaces
  breakspac => break-spaces
w-widows => widows
w-width => width
  au => auto
  mi => min-content
  ma => max-content
  fi => fit-content
w-change => will-change
  a => auto
w-break => word-break
  normal => normal
  breaka => break-all
  keepal => keep-all
  breakw => break-word
  autoph => auto-phrase
w-spacing => word-spacing
  n => normal
w-wrap => word-wrap
  n => normal
  b => break-word
w-mode => writing-mode
  horizonta => horizontal-tb
  verticalr => vertical-rl
  verticall => vertical-lr
  sidewaysr => sideways-rl
  sidewaysl => sideways-lr
x-x => x
y => y
z-index => z-index
  a => auto
z-zoom => zoom
  n => normal
  r => reset

[Properties: total=791]
display-present: yes

[At-Rules]
charse => @charset
contai => @container
counte => @counter-style
docume => @document
fontfa => @font-face
fontfe => @font-feature-values
fontpa => @font-palette-values
import => @import
keyfra => @keyframes
layer => @layer
media => @media
namesp => @namespace
page => @page
positi => @position-try
proper => @property
scope => @scope
starti => @starting-style
suppor => @supports
viewtr => @view-transition
[At-Rules: total=19]

[Functions]
abs => abs()
acos => acos()
anchor => anchor()
anchorsize => anchor-size()
asin => asin()
atan => atan()
atan => atan2()
attr => attr()
blur => blur()
brightness => brightness()
calc => calc()
calcsize => calc-size()
circle => circle()
clamp => clamp()
color => color()
colormix => color-mix()
conicgradient => conic-gradient()
contrast => contrast()
cos => cos()
counter => counter()
counters => counters()
crossfade => cross-fade()
cubicbezier => cubic-bezier()
dropshadow => drop-shadow()
element => element()
ellipse => ellipse()
env => env()
exp => exp()
fitcontent => fit-content()
grayscale => grayscale()
hsl => hsl()
hsla => hsla()
huerotate => hue-rotate()
hwb => hwb()
hypot => hypot()
image => image()
imageset => image-set()
inset => inset()
invert => invert()
lab => lab()
layer => layer()
lch => lch()
leader => leader()
lightdark => light-dark()
linear => linear()
lineargradient => linear-gradient()
log => log()
matrix => matrix()
matrixd => matrix3d()
max => max()
min => min()
minmax => minmax()
mod => mod()
oklab => oklab()
oklch => oklch()
opacity => opacity()
paint => paint()
palettemix => palette-mix()
path => path()
perspective => perspective()
polygon => polygon()
pow => pow()
radialgradient => radial-gradient()
ray => ray()
rect => rect()
rem => rem()
repeatingconicgradient => repeating-conic-gradient()
repeatinglineargradient => repeating-linear-gradient()
repeatingradialgradient => repeating-radial-gradient()
rgb => rgb()
rgba => rgba()
rotate => rotate()
rotated => rotate3d()
rotatex => rotateX()
rotatey => rotateY()
rotatez => rotateZ()
round => round()
saturate => saturate()
scale => scale()
scaled => scale3d()
scalex => scaleX()
scaley => scaleY()
scalez => scaleZ()
scroll => scroll()
sepia => sepia()
sign => sign()
sin => sin()
skew => skew()
skewx => skewX()
skewy => skewY()
sqrt => sqrt()
steps => steps()
symbols => symbols()
tan => tan()
targetcounter => target-counter()
targetcounters => target-counters()
targettext => target-text()
translate => translate()
translated => translate3d()
translatex => translateX()
translatey => translateY()
translatez => translateZ()
var => var()
view => view()
xywh => xywh()
[Functions: total=105]

[Selectors]
mozprogressbar => ::-moz-progress-bar
mozrangeprogress => ::-moz-range-progress
mozrangethumb => ::-moz-range-thumb
mozrangetrack => ::-moz-range-track
msbrowse => ::-ms-browse
mscheck => ::-ms-check
msclear => ::-ms-clear
msexpand => ::-ms-expand
msfill => ::-ms-fill
msfilllower => ::-ms-fill-lower
msfillupper => ::-ms-fill-upper
msreveal => ::-ms-reveal
msthumb => ::-ms-thumb
msticksafter => ::-ms-ticks-after
msticksbefore => ::-ms-ticks-before
mstooltip => ::-ms-tooltip
mstrack => ::-ms-track
msvalue => ::-ms-value
webkitprogressbar => ::-webkit-progress-bar
webkitprogressinnervalue => ::-webkit-progress-inner-value
webkitprogressvalue => ::-webkit-progress-value
webkitsliderrunnabletrack => ::-webkit-slider-runnable-track
webkitsliderthumb => ::-webkit-slider-thumb
after => ::after
backdrop => ::backdrop
before => ::before
checkmark => ::checkmark
cue => ::cue
cue => ::cue()
cueregion => ::cue-region
cueregion => ::cue-region()
detailscontent => ::details-content
fileselectorbutton => ::file-selector-button
firstletter => ::first-letter
firstline => ::first-line
grammarerror => ::grammar-error
highlight => ::highlight()
marker => ::marker
part => ::part()
picker => ::picker()
pickericon => ::picker-icon
placeholder => ::placeholder
scrollmarker => ::scroll-marker
scrollmarkergroup => ::scroll-marker-group
selection => ::selection
slotted => ::slotted()
spellingerror => ::spelling-error
targettext => ::target-text
viewtransition => ::view-transition
viewtransitiongroup => ::view-transition-group()
viewtransitionimagepair => ::view-transition-image-pair()
viewtransitionnew => ::view-transition-new()
viewtransitionold => ::view-transition-old()
active => :active
activeviewtransition => :active-view-transition
activeviewtransitiontype => :active-view-transition-type()
anylink => :any-link
autofill => :autofill
blank => :blank
buffering => :buffering
checked => :checked
current => :current
default => :default
defined => :defined
dir => :dir()
disabled => :disabled
empty => :empty
enabled => :enabled
first => :first
firstchild => :first-child
firstoftype => :first-of-type
focus => :focus
focusvisible => :focus-visible
focuswithin => :focus-within
fullscreen => :fullscreen
future => :future
has => :has()
hasslotted => :has-slotted
host => :host
host => :host()
hostcontext => :host-context()
hover => :hover
inrange => :in-range
indeterminate => :indeterminate
invalid => :invalid
is => :is()
lang => :lang()
lastchild => :last-child
lastoftype => :last-of-type
left => :left
link => :link
locallink => :local-link
modal => :modal
muted => :muted
not => :not()
nthchild => :nth-child()
nthlastchild => :nth-last-child()
nthlastoftype => :nth-last-of-type()
nthoftype => :nth-of-type()
onlychild => :only-child
onlyoftype => :only-of-type
open => :open
optional => :optional
outofrange => :out-of-range
past => :past
paused => :paused
pictureinpicture => :picture-in-picture
placeholdershown => :placeholder-shown
playing => :playing
popoveropen => :popover-open
readonly => :read-only
readwrite => :read-write
required => :required
right => :right
root => :root
scope => :scope
seeking => :seeking
stalled => :stalled
state => :state()
target => :target
targetcurrent => :target-current
targetwithin => :target-within
userinvalid => :user-invalid
uservalid => :user-valid
valid => :valid
visited => :visited
volumelocked => :volume-locked
where => :where()
xroverlay => :xr-overlay
attributeselectors => Attribute selectors
childcombinator => Child combinator
classselectors => Class selectors
columncombinator => Column combinator
descendantcombinator => Descendant combinator
idselectors => ID selectors
namespaceseparator => Namespace separator
nestingselector => Nesting selector
nextsiblingcombinator => Next-sibling combinator
pseudoclasses => Pseudo-classes
pseudoelements => Pseudo-elements
selectorlist => Selector list
subsequentsiblingcombinator => Subsequent-sibling combinator
typeselectors => Type selectors
universalselectors => Universal selectors
[Selectors: total=144]
